2025-08-08 03:27:09.177: [INFO] VisibilityChanged: 0
2025-08-08 03:27:09.224: [INFO] RecordSyncInitDuration has_sync_been_enabled: 0 state: 0
2025-08-08 03:27:09.224: [INFO] RecordSyncInitDuration has_sync_been_enabled: 0 state: 0
2025-08-08 03:27:09.225: [INFO] RecordSyncInitDuration has_sync_been_enabled: 0 state: 0
2025-08-08 03:27:09.226: [INFO] RecordSyncInitDuration has_sync_been_enabled: 0 state: 0
2025-08-08 03:27:09.226: [INFO] RecordSyncInitDuration has_sync_been_enabled: 0 state: 0
2025-08-08 03:27:09.227: [INFO] RecordSyncInitDuration has_sync_been_enabled: 0 state: 0
2025-08-08 03:27:09.228: [INFO] RecordSyncInitDuration has_sync_been_enabled: 0 state: 0
2025-08-08 03:27:09.228: [INFO] RecordSyncInitDuration has_sync_been_enabled: 0 state: 0
2025-08-08 03:27:09.229: [INFO] RecordSyncInitDuration has_sync_been_enabled: 0 state: 0
2025-08-08 03:27:09.229: [INFO] RecordSyncInitDuration has_sync_been_enabled: 0 state: 0
2025-08-08 03:27:09.230: [INFO] RecordSyncInitDuration has_sync_been_enabled: 0 state: 0
2025-08-08 03:27:09.236: [INFO] BookmarkModelLoaded, ids_reassigned: 0
2025-08-08 03:27:09.237: [INFO] OnDoneLoading sync enabled: 0
2025-08-08 03:27:09.294: [INFO] RecordSyncInitDuration has_sync_been_enabled: 0 state: 0
2025-08-08 03:27:10.073: [INFO] RecordSyncInitDuration has_sync_been_enabled: 0 state: 3
2025-08-08 03:27:10.074: [INFO] Primary account changed.
2025-08-08 03:27:10.074: [INFO] OnPrimaryAccountChanged PrimaryAccountChangeEvent::Type::kSet
2025-08-08 03:27:10.076: [INFO] RecordSyncInitDuration has_sync_been_enabled: 0 state: 3
2025-08-08 03:27:20.072: [INFO] Sync initialization duration: 9685ms
