{"logTime": "0808/032712", "correlationVector":"oVP8QD86dOs66KDp0Zn2rX.1","action":"SyncServerConnectionManagerRequest", "result":"SYNC_SERVER_OK", "context":{"environment":"Prod_westus2_prod-s01-035-nam-westus2", "migrationStage":"NotStarted", "server":"akswtt10000000v"}}
{"logTime": "0808/032712", "correlationVector":"oVP8QD86dOs66KDp0Zn2rX.2","action":"ProcessGetUpdates", "result":"Done", "context":{"dataType":"Encryption Keys", "deleted":"0", "process_failed_to_decrypt":"0", "process_pending_decryption":"0", "process_success":"1", "total":"1"}}
{"logTime": "0808/032712", "correlationVector":"YBM2GPocGwsQfkNI9jaC7R","action":"SyncServerConnectionManagerRequest", "result":"SYNC_SERVER_OK", "context":{"environment":"", "migrationStage":"", "server":""}}
{"logTime": "0808/032712", "correlationVector":"YBM2GPocGwsQfkNI9jaC7R.0","action":"EncryptionKeysFetcher.DownloadKeys:", "result":"Success", "context":Key count: 1, Last key timestamp: 2025-05-10T03:58:04Z}
{"logTime": "0808/032712", "correlationVector":"YBM2GPocGwsQfkNI9jaC7R.1","action":"EncryptionKeysManager::SetEncryptionKeys:", "result":"Success", "context":Key names[1]:[PgO1o1oIT1Y3/V2rw1mHKidLaNgkiznPfRYXTH0f+pxMb2y4cqKgVcQdAf1sfjit+i2r4ektydAvSW7CK74UAA==]}
{"logTime": "0808/032712", "correlationVector":"YBM2GPocGwsQfkNI9jaC7R.2","action":"EncryptionKeysManager::SetEncryptionKeysWithTimestamps:", "result":"Success", "context":Key timestamps[1]:[2025-05-10T03:58:04Z]}
{"logTime": "0808/032712", "correlationVector":"oVP8QD86dOs66KDp0Zn2rX","action":"Initial GetUpdates", "result":"", "context":Reason: NEW_CLIENT. cV=oVP8QD86dOs66KDp0Zn2rX}
{"logTime": "0808/032712", "correlationVector":"oVP8QD86dOs66KDp0Zn2rX.3","action":"GetUpdates Response", "result":"Success", "context":Received 1 update(s). cV=oVP8QD86dOs66KDp0Zn2rX.0;server=akswtt10000000v;cloudType=Consumer;environment=Prod_westus2_prod-s01-035-nam-westus2;migrationStage=NotStarted}
{"logTime": "0808/032712", "correlationVector":"7PXW8SXf/GRzQvhOt31KgZ","action":"Initial GetUpdates", "result":"", "context":Reason: NEWLY_SUPPORTED_DATATYPE. cV=7PXW8SXf/GRzQvhOt31KgZ}
{"logTime": "0808/032712", "correlationVector":"7PXW8SXf/GRzQvhOt31KgZ.1","action":"SyncServerConnectionManagerRequest", "result":"SYNC_SERVER_OK", "context":{"environment":"Prod_westus2_prod-s01-035-nam-westus2", "migrationStage":"NotStarted", "server":"akswtt10000000u"}}
{"logTime": "0808/032712", "correlationVector":"7PXW8SXf/GRzQvhOt31KgZ.2","action":"ProcessGetUpdates", "result":"Done", "context":{"dataType":"Preferences", "deleted":"1", "process_failed_to_decrypt":"0", "process_pending_decryption":"0", "process_success":"64", "total":"64"}}
{"logTime": "0808/032712", "correlationVector":"7PXW8SXf/GRzQvhOt31KgZ.3","action":"ProcessGetUpdates", "result":"Done", "context":{"dataType":"Passwords", "deleted":"2", "process_failed_to_decrypt":"0", "process_pending_decryption":"0", "process_success":"25", "total":"25"}}
{"logTime": "0808/032712", "correlationVector":"7PXW8SXf/GRzQvhOt31KgZ.4","action":"ProcessGetUpdates", "result":"Done", "context":{"dataType":"Device Info", "deleted":"0", "process_failed_to_decrypt":"0", "process_pending_decryption":"0", "process_success":"13", "total":"13"}}
{"logTime": "0808/032712", "correlationVector":"7PXW8SXf/GRzQvhOt31KgZ.5","action":"GetUpdates Response", "result":"Success", "context":Received 102 update(s). cV=7PXW8SXf/GRzQvhOt31KgZ.0;server=akswtt10000000u;cloudType=Consumer;environment=Prod_westus2_prod-s01-035-nam-westus2;migrationStage=NotStarted}
{"logTime": "0808/032715", "correlationVector":"lrUmXzsSNfvd1ZKtzk1gND","action":"Initial GetUpdates", "result":"", "context":Reason: NEWLY_SUPPORTED_DATATYPE. cV=lrUmXzsSNfvd1ZKtzk1gND}
{"logTime": "0808/032715", "correlationVector":"lrUmXzsSNfvd1ZKtzk1gND.1","action":"SyncServerConnectionManagerRequest", "result":"SYNC_SERVER_OK", "context":{"environment":"Prod_westus2_prod-s01-035-nam-westus2", "migrationStage":"NotStarted", "server":"akswtt100000001"}}
{"logTime": "0808/032715", "correlationVector":"lrUmXzsSNfvd1ZKtzk1gND.2","action":"ProcessGetUpdates", "result":"Done", "context":{"dataType":"Bookmarks", "deleted":"0", "process_failed_to_decrypt":"0", "process_pending_decryption":"0", "process_success":"5", "total":"5"}}
{"logTime": "0808/032715", "correlationVector":"lrUmXzsSNfvd1ZKtzk1gND.3","action":"GetUpdates Response", "result":"Success", "context":Received 5 update(s). cV=lrUmXzsSNfvd1ZKtzk1gND.0;server=akswtt100000001;cloudType=Consumer;environment=Prod_westus2_prod-s01-035-nam-westus2;migrationStage=NotStarted}
{"logTime": "0808/032717", "correlationVector":"Pe4WsZiByFYxcfbKRh6mNU","action":"Initial GetUpdates", "result":"", "context":Reason: NEWLY_SUPPORTED_DATATYPE. cV=Pe4WsZiByFYxcfbKRh6mNU}
{"logTime": "0808/032717", "correlationVector":"Pe4WsZiByFYxcfbKRh6mNU.1","action":"SyncServerConnectionManagerRequest", "result":"SYNC_SERVER_OK", "context":{"environment":"Prod_westus2_prod-s01-035-nam-westus2", "migrationStage":"NotStarted", "server":"akswtt10000000f"}}
{"logTime": "0808/032717", "correlationVector":"Pe4WsZiByFYxcfbKRh6mNU.2","action":"ProcessGetUpdates", "result":"Done", "context":{"dataType":"Autofill Profiles", "deleted":"3", "process_failed_to_decrypt":"0", "process_pending_decryption":"0", "process_success":"27", "total":"27"}}
{"logTime": "0808/032717", "correlationVector":"Pe4WsZiByFYxcfbKRh6mNU.3","action":"ProcessGetUpdates", "result":"Done", "context":{"dataType":"Autofill", "deleted":"0", "process_failed_to_decrypt":"0", "process_pending_decryption":"0", "process_success":"63", "total":"63"}}
{"logTime": "0808/032717", "correlationVector":"Pe4WsZiByFYxcfbKRh6mNU.4","action":"ProcessGetUpdates", "result":"Done", "context":{"dataType":"Sessions", "deleted":"159", "process_failed_to_decrypt":"0", "process_pending_decryption":"0", "process_success":"159", "total":"159"}}
{"logTime": "0808/032717", "correlationVector":"Pe4WsZiByFYxcfbKRh6mNU.5","action":"ProcessGetUpdates", "result":"Done", "context":{"dataType":"Edge Hub App Usage", "deleted":"0", "process_failed_to_decrypt":"0", "process_pending_decryption":"0", "process_success":"1", "total":"1"}}
{"logTime": "0808/032717", "correlationVector":"Pe4WsZiByFYxcfbKRh6mNU.6","action":"GetUpdates Response", "result":"Success", "context":Received 250 update(s). cV=Pe4WsZiByFYxcfbKRh6mNU.0;server=akswtt10000000f;cloudType=Consumer;environment=Prod_westus2_prod-s01-035-nam-westus2;migrationStage=NotStarted Some updates remain.}
{"logTime": "0808/032717", "correlationVector":"kB+Z2Q6mSvxEc3NgXA3xiJ","action":"Initial GetUpdates", "result":"", "context":Reason: NEWLY_SUPPORTED_DATATYPE. cV=kB+Z2Q6mSvxEc3NgXA3xiJ}
{"logTime": "0808/032717", "correlationVector":"kB+Z2Q6mSvxEc3NgXA3xiJ.1","action":"SyncServerConnectionManagerRequest", "result":"SYNC_SERVER_OK", "context":{"environment":"Prod_westus2_prod-s01-035-nam-westus2", "migrationStage":"NotStarted", "server":"akswtt10000000k"}}
{"logTime": "0808/032717", "correlationVector":"kB+Z2Q6mSvxEc3NgXA3xiJ.2","action":"ProcessGetUpdates", "result":"Done", "context":{"dataType":"Autofill Profiles", "deleted":"0", "process_failed_to_decrypt":"0", "process_pending_decryption":"0", "process_success":"7", "total":"7"}}
{"logTime": "0808/032717", "correlationVector":"kB+Z2Q6mSvxEc3NgXA3xiJ.3","action":"ProcessGetUpdates", "result":"Done", "context":{"dataType":"Autofill", "deleted":"0", "process_failed_to_decrypt":"0", "process_pending_decryption":"0", "process_success":"50", "total":"50"}}
{"logTime": "0808/032717", "correlationVector":"kB+Z2Q6mSvxEc3NgXA3xiJ.4","action":"ProcessGetUpdates", "result":"Done", "context":{"dataType":"Sessions", "deleted":"192", "process_failed_to_decrypt":"0", "process_pending_decryption":"0", "process_success":"192", "total":"192"}}
{"logTime": "0808/032717", "correlationVector":"kB+Z2Q6mSvxEc3NgXA3xiJ.5","action":"ProcessGetUpdates", "result":"Done", "context":{"dataType":"Edge Hub App Usage", "deleted":"0", "process_failed_to_decrypt":"0", "process_pending_decryption":"0", "process_success":"1", "total":"1"}}
{"logTime": "0808/032717", "correlationVector":"kB+Z2Q6mSvxEc3NgXA3xiJ.6","action":"GetUpdates Response", "result":"Success", "context":Received 250 update(s). cV=kB+Z2Q6mSvxEc3NgXA3xiJ.0;server=akswtt10000000k;cloudType=Consumer;environment=Prod_westus2_prod-s01-035-nam-westus2;migrationStage=NotStarted Some updates remain.}
{"logTime": "0808/032717", "correlationVector":"TPQ1kSwi12ZkHKmBI2fu8Q","action":"Initial GetUpdates", "result":"", "context":Reason: NEWLY_SUPPORTED_DATATYPE. cV=TPQ1kSwi12ZkHKmBI2fu8Q}
{"logTime": "0808/032718", "correlationVector":"TPQ1kSwi12ZkHKmBI2fu8Q.1","action":"SyncServerConnectionManagerRequest", "result":"SYNC_SERVER_OK", "context":{"environment":"Prod_westus2_prod-s01-035-nam-westus2", "migrationStage":"NotStarted", "server":"akswtt10000000u"}}
{"logTime": "0808/032718", "correlationVector":"TPQ1kSwi12ZkHKmBI2fu8Q.2","action":"ProcessGetUpdates", "result":"Done", "context":{"dataType":"Autofill Profiles", "deleted":"0", "process_failed_to_decrypt":"0", "process_pending_decryption":"0", "process_success":"3", "total":"3"}}
{"logTime": "0808/032718", "correlationVector":"TPQ1kSwi12ZkHKmBI2fu8Q.3","action":"ProcessGetUpdates", "result":"Done", "context":{"dataType":"Autofill", "deleted":"0", "process_failed_to_decrypt":"0", "process_pending_decryption":"0", "process_success":"32", "total":"32"}}
{"logTime": "0808/032718", "correlationVector":"TPQ1kSwi12ZkHKmBI2fu8Q.4","action":"ProcessGetUpdates", "result":"Done", "context":{"dataType":"Extensions", "deleted":"1", "process_failed_to_decrypt":"0", "process_pending_decryption":"0", "process_success":"1", "total":"1"}}
{"logTime": "0808/032718", "correlationVector":"TPQ1kSwi12ZkHKmBI2fu8Q.5","action":"ProcessGetUpdates", "result":"Done", "context":{"dataType":"Sessions", "deleted":"214", "process_failed_to_decrypt":"0", "process_pending_decryption":"0", "process_success":"214", "total":"214"}}
{"logTime": "0808/032718", "correlationVector":"TPQ1kSwi12ZkHKmBI2fu8Q.6","action":"GetUpdates Response", "result":"Success", "context":Received 250 update(s). cV=TPQ1kSwi12ZkHKmBI2fu8Q.0;server=akswtt10000000u;cloudType=Consumer;environment=Prod_westus2_prod-s01-035-nam-westus2;migrationStage=NotStarted Some updates remain.}
{"logTime": "0808/032718", "correlationVector":"cGKoTi07btdmDFhZK1Wmfr","action":"Initial GetUpdates", "result":"", "context":Reason: NEWLY_SUPPORTED_DATATYPE. cV=cGKoTi07btdmDFhZK1Wmfr}
{"logTime": "0808/032718", "correlationVector":"cGKoTi07btdmDFhZK1Wmfr.1","action":"SyncServerConnectionManagerRequest", "result":"SYNC_SERVER_OK", "context":{"environment":"Prod_westus2_prod-s01-035-nam-westus2", "migrationStage":"NotStarted", "server":"akswtt10000001g"}}
{"logTime": "0808/032718", "correlationVector":"cGKoTi07btdmDFhZK1Wmfr.2","action":"ProcessGetUpdates", "result":"Done", "context":{"dataType":"Autofill Profiles", "deleted":"0", "process_failed_to_decrypt":"0", "process_pending_decryption":"0", "process_success":"12", "total":"12"}}
{"logTime": "0808/032718", "correlationVector":"cGKoTi07btdmDFhZK1Wmfr.3","action":"ProcessGetUpdates", "result":"Done", "context":{"dataType":"Autofill", "deleted":"0", "process_failed_to_decrypt":"0", "process_pending_decryption":"0", "process_success":"40", "total":"40"}}
{"logTime": "0808/032718", "correlationVector":"cGKoTi07btdmDFhZK1Wmfr.4","action":"ProcessGetUpdates", "result":"Done", "context":{"dataType":"Sessions", "deleted":"194", "process_failed_to_decrypt":"0", "process_pending_decryption":"0", "process_success":"194", "total":"194"}}
{"logTime": "0808/032718", "correlationVector":"cGKoTi07btdmDFhZK1Wmfr.5","action":"ProcessGetUpdates", "result":"Done", "context":{"dataType":"Edge Hub App Usage", "deleted":"0", "process_failed_to_decrypt":"0", "process_pending_decryption":"0", "process_success":"4", "total":"4"}}
{"logTime": "0808/032718", "correlationVector":"cGKoTi07btdmDFhZK1Wmfr.6","action":"GetUpdates Response", "result":"Success", "context":Received 250 update(s). cV=cGKoTi07btdmDFhZK1Wmfr.0;server=akswtt10000001g;cloudType=Consumer;environment=Prod_westus2_prod-s01-035-nam-westus2;migrationStage=NotStarted Some updates remain.}
{"logTime": "0808/032718", "correlationVector":"iglNnamR0Q1YxW/3DeJ/8I","action":"Initial GetUpdates", "result":"", "context":Reason: NEWLY_SUPPORTED_DATATYPE. cV=iglNnamR0Q1YxW/3DeJ/8I}
{"logTime": "0808/032718", "correlationVector":"iglNnamR0Q1YxW/3DeJ/8I.1","action":"SyncServerConnectionManagerRequest", "result":"SYNC_SERVER_OK", "context":{"environment":"Prod_westus2_prod-s01-035-nam-westus2", "migrationStage":"NotStarted", "server":"akswtt10000000u"}}
{"logTime": "0808/032718", "correlationVector":"iglNnamR0Q1YxW/3DeJ/8I.2","action":"ProcessGetUpdates", "result":"Done", "context":{"dataType":"Autofill Profiles", "deleted":"0", "process_failed_to_decrypt":"0", "process_pending_decryption":"0", "process_success":"3", "total":"3"}}
{"logTime": "0808/032718", "correlationVector":"iglNnamR0Q1YxW/3DeJ/8I.3","action":"ProcessGetUpdates", "result":"Done", "context":{"dataType":"Autofill", "deleted":"0", "process_failed_to_decrypt":"0", "process_pending_decryption":"0", "process_success":"80", "total":"80"}}
{"logTime": "0808/032718", "correlationVector":"iglNnamR0Q1YxW/3DeJ/8I.4","action":"ProcessGetUpdates", "result":"Done", "context":{"dataType":"Sessions", "deleted":"166", "process_failed_to_decrypt":"0", "process_pending_decryption":"0", "process_success":"166", "total":"166"}}
{"logTime": "0808/032718", "correlationVector":"iglNnamR0Q1YxW/3DeJ/8I.5","action":"ProcessGetUpdates", "result":"Done", "context":{"dataType":"Web Apps", "deleted":"1", "process_failed_to_decrypt":"0", "process_pending_decryption":"0", "process_success":"1", "total":"1"}}
{"logTime": "0808/032718", "correlationVector":"iglNnamR0Q1YxW/3DeJ/8I.6","action":"GetUpdates Response", "result":"Success", "context":Received 250 update(s). cV=iglNnamR0Q1YxW/3DeJ/8I.0;server=akswtt10000000u;cloudType=Consumer;environment=Prod_westus2_prod-s01-035-nam-westus2;migrationStage=NotStarted Some updates remain.}
{"logTime": "0808/032718", "correlationVector":"h3ZZgfmXbTE7fH4xQnoAse","action":"Initial GetUpdates", "result":"", "context":Reason: NEWLY_SUPPORTED_DATATYPE. cV=h3ZZgfmXbTE7fH4xQnoAse}
{"logTime": "0808/032719", "correlationVector":"h3ZZgfmXbTE7fH4xQnoAse.1","action":"SyncServerConnectionManagerRequest", "result":"SYNC_SERVER_OK", "context":{"environment":"Prod_westus2_prod-s01-035-nam-westus2", "migrationStage":"NotStarted", "server":"akswtt10000000g"}}
{"logTime": "0808/032719", "correlationVector":"h3ZZgfmXbTE7fH4xQnoAse.2","action":"ProcessGetUpdates", "result":"Done", "context":{"dataType":"Autofill Profiles", "deleted":"0", "process_failed_to_decrypt":"0", "process_pending_decryption":"0", "process_success":"6", "total":"6"}}
{"logTime": "0808/032719", "correlationVector":"h3ZZgfmXbTE7fH4xQnoAse.3","action":"ProcessGetUpdates", "result":"Done", "context":{"dataType":"Autofill", "deleted":"0", "process_failed_to_decrypt":"0", "process_pending_decryption":"0", "process_success":"88", "total":"88"}}
{"logTime": "0808/032719", "correlationVector":"h3ZZgfmXbTE7fH4xQnoAse.4","action":"ProcessGetUpdates", "result":"Done", "context":{"dataType":"Sessions", "deleted":"152", "process_failed_to_decrypt":"0", "process_pending_decryption":"0", "process_success":"152", "total":"152"}}
{"logTime": "0808/032719", "correlationVector":"h3ZZgfmXbTE7fH4xQnoAse.5","action":"ProcessGetUpdates", "result":"Done", "context":{"dataType":"Edge Hub App Usage", "deleted":"0", "process_failed_to_decrypt":"0", "process_pending_decryption":"0", "process_success":"4", "total":"4"}}
{"logTime": "0808/032719", "correlationVector":"h3ZZgfmXbTE7fH4xQnoAse.6","action":"GetUpdates Response", "result":"Success", "context":Received 250 update(s). cV=h3ZZgfmXbTE7fH4xQnoAse.0;server=akswtt10000000g;cloudType=Consumer;environment=Prod_westus2_prod-s01-035-nam-westus2;migrationStage=NotStarted Some updates remain.}
{"logTime": "0808/032719", "correlationVector":"m3mQL1YOUSwbi7EbIDEwdO","action":"Initial GetUpdates", "result":"", "context":Reason: NEWLY_SUPPORTED_DATATYPE. cV=m3mQL1YOUSwbi7EbIDEwdO}
{"logTime": "0808/032719", "correlationVector":"m3mQL1YOUSwbi7EbIDEwdO.1","action":"SyncServerConnectionManagerRequest", "result":"SYNC_SERVER_OK", "context":{"environment":"Prod_westus2_prod-s01-035-nam-westus2", "migrationStage":"NotStarted", "server":"akswtt10000000t"}}
{"logTime": "0808/032719", "correlationVector":"m3mQL1YOUSwbi7EbIDEwdO.2","action":"ProcessGetUpdates", "result":"Done", "context":{"dataType":"Autofill Profiles", "deleted":"0", "process_failed_to_decrypt":"0", "process_pending_decryption":"0", "process_success":"7", "total":"7"}}
{"logTime": "0808/032719", "correlationVector":"m3mQL1YOUSwbi7EbIDEwdO.3","action":"ProcessGetUpdates", "result":"Done", "context":{"dataType":"Autofill", "deleted":"0", "process_failed_to_decrypt":"0", "process_pending_decryption":"0", "process_success":"41", "total":"41"}}
{"logTime": "0808/032719", "correlationVector":"m3mQL1YOUSwbi7EbIDEwdO.4","action":"ProcessGetUpdates", "result":"Done", "context":{"dataType":"Sessions", "deleted":"128", "process_failed_to_decrypt":"0", "process_pending_decryption":"0", "process_success":"163", "total":"163"}}
{"logTime": "0808/032719", "correlationVector":"m3mQL1YOUSwbi7EbIDEwdO.5","action":"ProcessGetUpdates", "result":"Done", "context":{"dataType":"Edge Hub App Usage", "deleted":"0", "process_failed_to_decrypt":"0", "process_pending_decryption":"0", "process_success":"12", "total":"12"}}
{"logTime": "0808/032719", "correlationVector":"m3mQL1YOUSwbi7EbIDEwdO.6","action":"GetUpdates Response", "result":"Success", "context":Received 223 update(s). cV=m3mQL1YOUSwbi7EbIDEwdO.0;server=akswtt10000000t;cloudType=Consumer;environment=Prod_westus2_prod-s01-035-nam-westus2;migrationStage=NotStarted}
{"logTime": "0808/032720", "correlationVector":"hU5C9mQMIAKt6GoXqvptQm","action":"Initial GetUpdates", "result":"", "context":Reason: NEWLY_SUPPORTED_DATATYPE. cV=hU5C9mQMIAKt6GoXqvptQm}
{"logTime": "0808/032720", "correlationVector":"hU5C9mQMIAKt6GoXqvptQm.1","action":"SyncServerConnectionManagerRequest", "result":"SYNC_SERVER_OK", "context":{"environment":"Prod_westus2_prod-s01-035-nam-westus2", "migrationStage":"NotStarted", "server":"akswtt10000000l"}}
{"logTime": "0808/032720", "correlationVector":"hU5C9mQMIAKt6GoXqvptQm.2","action":"ProcessGetUpdates", "result":"Done", "context":{"dataType":"History", "deleted":"0", "process_failed_to_decrypt":"0", "process_pending_decryption":"0", "process_success":"250", "total":"250"}}
{"logTime": "0808/032720", "correlationVector":"hU5C9mQMIAKt6GoXqvptQm.3","action":"GetUpdates Response", "result":"Success", "context":Received 250 update(s). cV=hU5C9mQMIAKt6GoXqvptQm.0;server=akswtt10000000l;cloudType=Consumer;environment=Prod_westus2_prod-s01-035-nam-westus2;migrationStage=NotStarted Some updates remain.}
{"logTime": "0808/032720", "correlationVector":"RSvsk+Uq60BERF9AgZwOk3","action":"Initial GetUpdates", "result":"", "context":Reason: NEWLY_SUPPORTED_DATATYPE. cV=RSvsk+Uq60BERF9AgZwOk3}
{"logTime": "0808/032720", "correlationVector":"RSvsk+Uq60BERF9AgZwOk3.1","action":"SyncServerConnectionManagerRequest", "result":"SYNC_SERVER_OK", "context":{"environment":"Prod_westus2_prod-s01-035-nam-westus2", "migrationStage":"NotStarted", "server":"akswtt10000000k"}}
{"logTime": "0808/032720", "correlationVector":"RSvsk+Uq60BERF9AgZwOk3.2","action":"ProcessGetUpdates", "result":"Done", "context":{"dataType":"History", "deleted":"0", "process_failed_to_decrypt":"0", "process_pending_decryption":"0", "process_success":"25", "total":"25"}}
{"logTime": "0808/032720", "correlationVector":"RSvsk+Uq60BERF9AgZwOk3.3","action":"GetUpdates Response", "result":"Success", "context":Received 25 update(s). cV=RSvsk+Uq60BERF9AgZwOk3.0;server=akswtt10000000k;cloudType=Consumer;environment=Prod_westus2_prod-s01-035-nam-westus2;migrationStage=NotStarted}
{"logTime": "0808/032721", "correlationVector":"lzWZ5ZXZZcMUUBi+dvLRZL","action":"Normal GetUpdate request", "result":"", "context":cV=lzWZ5ZXZZcMUUBi+dvLRZL
Nudged types: Preferences, Passwords, Sessions, Device Info, User Consents
Refresh requested types: Bookmarks, Preferences, Passwords, Autofill Profiles, Autofill, Extensions, Sessions, Extension settings, History Delete Directives, Device Info, User Consents, Send Tab To Self, Web Apps, History, Saved Tab Group, WebAuthn Credentials, Collection, Edge E Drop, Edge Hub App Usage, Edge Wallet, Encryption Keys}
{"logTime": "0808/032721", "correlationVector":"lzWZ5ZXZZcMUUBi+dvLRZL.1","action":"SyncServerConnectionManagerRequest", "result":"SYNC_SERVER_OK", "context":{"environment":"Prod_westus2_prod-s01-035-nam-westus2", "migrationStage":"NotStarted", "server":"akswtt10000000c"}}
{"logTime": "0808/032721", "correlationVector":"lzWZ5ZXZZcMUUBi+dvLRZL.2","action":"GetUpdates Response", "result":"Success", "context":Received 0 update(s). cV=lzWZ5ZXZZcMUUBi+dvLRZL.0;server=akswtt10000000c;cloudType=Consumer;environment=Prod_westus2_prod-s01-035-nam-westus2;migrationStage=NotStarted}
{"logTime": "0808/032721", "correlationVector":"CmhRQRbPuLJgZFF8EAVmws","action":"Commit Request", "result":"", "context":Item count: 6
Contributing types: Preferences, Passwords, Sessions, Device Info, User Consents}
{"logTime": "0808/032722", "correlationVector":"CmhRQRbPuLJgZFF8EAVmws.1","action":"SyncServerConnectionManagerRequest", "result":"SYNC_SERVER_OK", "context":{"environment":"Prod_westus2_prod-s01-035-nam-westus2", "migrationStage":"NotStarted", "server":"akswtt10000000k"}}
{"logTime": "0808/032722", "correlationVector":"CmhRQRbPuLJgZFF8EAVmws.2","action":"Commit Response", "result":"Success", "context":Result: Success. cV=CmhRQRbPuLJgZFF8EAVmws.0;server=akswtt10000000k;cloudType=Consumer;environment=Prod_westus2_prod-s01-035-nam-westus2;migrationStage=NotStarted}
{"logTime": "0808/032736", "correlationVector":"kcCWr91H4BFyNLCADlEkc1","action":"Commit Request", "result":"", "context":Item count: 3
Contributing types: Sessions, History, Edge Hub App Usage}
{"logTime": "0808/032737", "correlationVector":"kcCWr91H4BFyNLCADlEkc1.1","action":"SyncServerConnectionManagerRequest", "result":"SYNC_SERVER_OK", "context":{"environment":"Prod_westus2_prod-s01-035-nam-westus2", "migrationStage":"NotStarted", "server":"akswtt10000000u"}}
{"logTime": "0808/032737", "correlationVector":"kcCWr91H4BFyNLCADlEkc1.2","action":"Commit Response", "result":"Success", "context":Result: Success. cV=kcCWr91H4BFyNLCADlEkc1.0;server=akswtt10000000u;cloudType=Consumer;environment=Prod_westus2_prod-s01-035-nam-westus2;migrationStage=NotStarted}
{"logTime": "0808/032809", "correlationVector":"B8JI1VM2ee3yF2DkHJnL4N","action":"Commit Request", "result":"", "context":Item count: 23
Contributing types: Passwords}
{"logTime": "0808/032810", "correlationVector":"B8JI1VM2ee3yF2DkHJnL4N.1","action":"SyncServerConnectionManagerRequest", "result":"SYNC_SERVER_OK", "context":{"environment":"Prod_westus2_prod-s01-035-nam-westus2", "migrationStage":"NotStarted", "server":"akswtt10000000u"}}
{"logTime": "0808/032810", "correlationVector":"B8JI1VM2ee3yF2DkHJnL4N.2","action":"Commit Response", "result":"Success", "context":Result: Success. cV=B8JI1VM2ee3yF2DkHJnL4N.0;server=akswtt10000000u;cloudType=Consumer;environment=Prod_westus2_prod-s01-035-nam-westus2;migrationStage=NotStarted}
{"logTime": "0808/035015", "correlationVector":"0Rok/FRQb8QLCj4yJ4CkPO","action":"Normal GetUpdate request", "result":"", "context":cV=0Rok/FRQb8QLCj4yJ4CkPO
Notified types: Device Info}
{"logTime": "0808/035016", "correlationVector":"0Rok/FRQb8QLCj4yJ4CkPO.1","action":"SyncServerConnectionManagerRequest", "result":"SYNC_SERVER_OK", "context":{"environment":"Prod_westus2_prod-s01-035-nam-westus2", "migrationStage":"NotStarted", "server":"akswtt10000001e"}}
{"logTime": "0808/035016", "correlationVector":"0Rok/FRQb8QLCj4yJ4CkPO.2","action":"ProcessGetUpdates", "result":"Done", "context":{"dataType":"Preferences", "deleted":"0", "process_failed_to_decrypt":"0", "process_pending_decryption":"0", "process_success":"1", "total":"1"}}
{"logTime": "0808/035016", "correlationVector":"0Rok/FRQb8QLCj4yJ4CkPO.3","action":"ProcessGetUpdates", "result":"Done", "context":{"dataType":"Passwords", "deleted":"0", "process_failed_to_decrypt":"0", "process_pending_decryption":"0", "process_success":"23", "total":"23"}}
{"logTime": "0808/035016", "correlationVector":"0Rok/FRQb8QLCj4yJ4CkPO.4","action":"ProcessGetUpdates", "result":"Done", "context":{"dataType":"Sessions", "deleted":"0", "process_failed_to_decrypt":"0", "process_pending_decryption":"0", "process_success":"4", "total":"4"}}
{"logTime": "0808/035016", "correlationVector":"0Rok/FRQb8QLCj4yJ4CkPO.5","action":"ProcessGetUpdates", "result":"Done", "context":{"dataType":"Device Info", "deleted":"0", "process_failed_to_decrypt":"0", "process_pending_decryption":"0", "process_success":"2", "total":"2"}}
{"logTime": "0808/035016", "correlationVector":"0Rok/FRQb8QLCj4yJ4CkPO.6","action":"ProcessGetUpdates", "result":"Done", "context":{"dataType":"History", "deleted":"0", "process_failed_to_decrypt":"0", "process_pending_decryption":"0", "process_success":"1", "total":"1"}}
{"logTime": "0808/035016", "correlationVector":"0Rok/FRQb8QLCj4yJ4CkPO.7","action":"ProcessGetUpdates", "result":"Done", "context":{"dataType":"Edge Hub App Usage", "deleted":"0", "process_failed_to_decrypt":"0", "process_pending_decryption":"0", "process_success":"1", "total":"1"}}
{"logTime": "0808/035016", "correlationVector":"0Rok/FRQb8QLCj4yJ4CkPO.8","action":"GetUpdates Response", "result":"Success", "context":Received 32 update(s). cV=0Rok/FRQb8QLCj4yJ4CkPO.0;server=akswtt10000001e;cloudType=Consumer;environment=Prod_westus2_prod-s01-035-nam-westus2;migrationStage=NotStarted}
{"logTime": "0808/035016", "correlationVector":"s+fiWaNt1K0A9PWEajDHc1","action":"DoCompareDataConsistency requsted types: ", "result":"Bookmarks, Preferences, Passwords, Extensions, Extension settings, History Delete Directives, Send Tab To Self, Web Apps, History, Saved Tab Group, WebAuthn Credentials, Collection, Edge E Drop, Edge Wallet, Encryption Keys"}
{"logTime": "0808/035016", "correlationVector":"s+fiWaNt1K0A9PWEajDHc1.0","action":"CompareDataConsistency result: ", "result":"Compare result: Encryption Keys is consistent. local entities count is: 1 local entities hash is: 3FTr1o16CTRBpPNoQ+Jk2zt5qNo="}
{"logTime": "0808/035016", "correlationVector":"s+fiWaNt1K0A9PWEajDHc1.1","action":"CompareDataConsistency result: ", "result":"Compare result: Bookmarks is consistent. local entities count is: 0 local entities hash is: "}
{"logTime": "0808/035016", "correlationVector":"s+fiWaNt1K0A9PWEajDHc1.2","action":"CompareDataConsistency result: ", "result":"Compare result: Preferences is consistent. local entities count is: 63 local entities hash is: 1W2ZmCzyOg8PvHwuhmxwoqws3yM="}
{"logTime": "0808/035016", "correlationVector":"s+fiWaNt1K0A9PWEajDHc1.3","action":"CompareDataConsistency result: ", "result":"Compare result: Extensions is consistent. local entities count is: 0 local entities hash is: "}
{"logTime": "0808/035016", "correlationVector":"s+fiWaNt1K0A9PWEajDHc1.4","action":"CompareDataConsistency result: ", "result":"Compare result: Extension settings is consistent. local entities count is: 0 local entities hash is: "}
{"logTime": "0808/035016", "correlationVector":"s+fiWaNt1K0A9PWEajDHc1.5","action":"CompareDataConsistency result: ", "result":"Compare result: History Delete Directives is consistent. local entities count is: 0 local entities hash is: "}
{"logTime": "0808/035016", "correlationVector":"s+fiWaNt1K0A9PWEajDHc1.6","action":"CompareDataConsistency result: ", "result":"Server did not send this Send Tab To Self local entities count is: 0 local entities hash is: "}
{"logTime": "0808/035016", "correlationVector":"s+fiWaNt1K0A9PWEajDHc1.7","action":"CompareDataConsistency result: ", "result":"Compare result: Web Apps is consistent. local entities count is: 0 local entities hash is: "}
{"logTime": "0808/035016", "correlationVector":"s+fiWaNt1K0A9PWEajDHc1.8","action":"CompareDataConsistency result: ", "result":"Server did not send this History local entities count is: 0 local entities hash is: "}
{"logTime": "0808/035016", "correlationVector":"s+fiWaNt1K0A9PWEajDHc1.9","action":"CompareDataConsistency result: ", "result":"Compare result: Saved Tab Group is consistent. local entities count is: 0 local entities hash is: "}
{"logTime": "0808/035016", "correlationVector":"s+fiWaNt1K0A9PWEajDHc1.10","action":"CompareDataConsistency result: ", "result":"Server did not send this WebAuthn Credentials local entities count is: 0 local entities hash is: "}
{"logTime": "0808/035016", "correlationVector":"s+fiWaNt1K0A9PWEajDHc1.11","action":"CompareDataConsistency result: ", "result":"Compare result: Collection is consistent. local entities count is: 0 local entities hash is: "}
{"logTime": "0808/035016", "correlationVector":"s+fiWaNt1K0A9PWEajDHc1.12","action":"CompareDataConsistency result: ", "result":"Compare result: Edge E Drop is consistent. local entities count is: 0 local entities hash is: "}
{"logTime": "0808/035016", "correlationVector":"s+fiWaNt1K0A9PWEajDHc1.13","action":"CompareDataConsistency result: ", "result":"Compare result: Edge Wallet is consistent. local entities count is: 0 local entities hash is: "}
{"logTime": "0808/035016", "correlationVector":"s+fiWaNt1K0A9PWEajDHc1.14","action":"CompareDataConsistency result: ", "result":"Compare result: Passwords is consistent. local entities count is: 23 local entities hash is: EkYyz1q8ge4MUooTUGLgQ8miIRw="}
{"logTime": "0808/035016", "correlationVector":"","action":"DIAGNOSTIC_REQUEST|v1/diagnosticData/Diagnostic.SendCheckResult()|SUCCESS", "result":""}
{"logTime": "0808/035021", "correlationVector":"4PZT5uu4OJ4voAwlUaOt8Q","action":"Normal GetUpdate request", "result":"", "context":cV=4PZT5uu4OJ4voAwlUaOt8Q
Notified types: History, Edge Hub App Usage}
{"logTime": "0808/035021", "correlationVector":"4PZT5uu4OJ4voAwlUaOt8Q.1","action":"SyncServerConnectionManagerRequest", "result":"SYNC_SERVER_OK", "context":{"environment":"Prod_westus2_prod-s01-035-nam-westus2", "migrationStage":"NotStarted", "server":"akswtt10000000x"}}
{"logTime": "0808/035021", "correlationVector":"4PZT5uu4OJ4voAwlUaOt8Q.2","action":"ProcessGetUpdates", "result":"Done", "context":{"dataType":"Sessions", "deleted":"0", "process_failed_to_decrypt":"0", "process_pending_decryption":"0", "process_success":"1", "total":"1"}}
{"logTime": "0808/035021", "correlationVector":"4PZT5uu4OJ4voAwlUaOt8Q.3","action":"ProcessGetUpdates", "result":"Done", "context":{"dataType":"History", "deleted":"0", "process_failed_to_decrypt":"0", "process_pending_decryption":"0", "process_success":"1", "total":"1"}}
{"logTime": "0808/035021", "correlationVector":"4PZT5uu4OJ4voAwlUaOt8Q.4","action":"ProcessGetUpdates", "result":"Done", "context":{"dataType":"Edge Hub App Usage", "deleted":"0", "process_failed_to_decrypt":"0", "process_pending_decryption":"0", "process_success":"1", "total":"1"}}
{"logTime": "0808/035021", "correlationVector":"4PZT5uu4OJ4voAwlUaOt8Q.5","action":"GetUpdates Response", "result":"Success", "context":Received 3 update(s). cV=4PZT5uu4OJ4voAwlUaOt8Q.0;server=akswtt10000000x;cloudType=Consumer;environment=Prod_westus2_prod-s01-035-nam-westus2;migrationStage=NotStarted}
{"logTime": "0808/035110", "correlationVector":"MZskB7tUcN2qu/3V1tPCqH","action":"Normal GetUpdate request", "result":"", "context":cV=MZskB7tUcN2qu/3V1tPCqH
Notified types: Passwords}
{"logTime": "0808/035110", "correlationVector":"MZskB7tUcN2qu/3V1tPCqH.1","action":"SyncServerConnectionManagerRequest", "result":"SYNC_SERVER_OK", "context":{"environment":"Prod_westus2_prod-s01-035-nam-westus2", "migrationStage":"NotStarted", "server":"akswtt10000000b"}}
{"logTime": "0808/035110", "correlationVector":"MZskB7tUcN2qu/3V1tPCqH.2","action":"ProcessGetUpdates", "result":"Done", "context":{"dataType":"Passwords", "deleted":"0", "process_failed_to_decrypt":"0", "process_pending_decryption":"0", "process_success":"23", "total":"23"}}
{"logTime": "0808/035110", "correlationVector":"MZskB7tUcN2qu/3V1tPCqH.3","action":"GetUpdates Response", "result":"Success", "context":Received 23 update(s). cV=MZskB7tUcN2qu/3V1tPCqH.0;server=akswtt10000000b;cloudType=Consumer;environment=Prod_westus2_prod-s01-035-nam-westus2;migrationStage=NotStarted}
{"logTime": "0808/035304", "correlationVector":"uY1aKll4NCdNCTA0BrB6xs","action":"Normal GetUpdate request", "result":"", "context":cV=uY1aKll4NCdNCTA0BrB6xs
Notified types: Device Info}
{"logTime": "0808/035304", "correlationVector":"uY1aKll4NCdNCTA0BrB6xs.1","action":"SyncServerConnectionManagerRequest", "result":"SYNC_SERVER_OK", "context":{"environment":"Prod_westus2_prod-s01-035-nam-westus2", "migrationStage":"NotStarted", "server":"akswtt10000000e"}}
{"logTime": "0808/035304", "correlationVector":"uY1aKll4NCdNCTA0BrB6xs.2","action":"ProcessGetUpdates", "result":"Done", "context":{"dataType":"Preferences", "deleted":"0", "process_failed_to_decrypt":"0", "process_pending_decryption":"0", "process_success":"1", "total":"1"}}
{"logTime": "0808/035304", "correlationVector":"uY1aKll4NCdNCTA0BrB6xs.3","action":"ProcessGetUpdates", "result":"Done", "context":{"dataType":"Passwords", "deleted":"0", "process_failed_to_decrypt":"0", "process_pending_decryption":"0", "process_success":"1", "total":"1"}}
{"logTime": "0808/035304", "correlationVector":"uY1aKll4NCdNCTA0BrB6xs.4","action":"ProcessGetUpdates", "result":"Done", "context":{"dataType":"Sessions", "deleted":"0", "process_failed_to_decrypt":"0", "process_pending_decryption":"0", "process_success":"2", "total":"2"}}
{"logTime": "0808/035304", "correlationVector":"uY1aKll4NCdNCTA0BrB6xs.5","action":"ProcessGetUpdates", "result":"Done", "context":{"dataType":"Device Info", "deleted":"0", "process_failed_to_decrypt":"0", "process_pending_decryption":"0", "process_success":"1", "total":"1"}}
{"logTime": "0808/035304", "correlationVector":"uY1aKll4NCdNCTA0BrB6xs.6","action":"GetUpdates Response", "result":"Success", "context":Received 5 update(s). cV=uY1aKll4NCdNCTA0BrB6xs.0;server=akswtt10000000e;cloudType=Consumer;environment=Prod_westus2_prod-s01-035-nam-westus2;migrationStage=NotStarted}
{"logTime": "0808/035307", "correlationVector":"Kp0dUnXBu3XaVphm2O2bQq","action":"Normal GetUpdate request", "result":"", "context":cV=Kp0dUnXBu3XaVphm2O2bQq
Notified types: Edge Hub App Usage}
{"logTime": "0808/035307", "correlationVector":"Kp0dUnXBu3XaVphm2O2bQq.1","action":"SyncServerConnectionManagerRequest", "result":"SYNC_SERVER_OK", "context":{"environment":"Prod_westus2_prod-s01-035-nam-westus2", "migrationStage":"NotStarted", "server":"akswtt10000000b"}}
{"logTime": "0808/035307", "correlationVector":"Kp0dUnXBu3XaVphm2O2bQq.2","action":"ProcessGetUpdates", "result":"Done", "context":{"dataType":"Edge Hub App Usage", "deleted":"0", "process_failed_to_decrypt":"0", "process_pending_decryption":"0", "process_success":"1", "total":"1"}}
{"logTime": "0808/035307", "correlationVector":"Kp0dUnXBu3XaVphm2O2bQq.3","action":"GetUpdates Response", "result":"Success", "context":Received 1 update(s). cV=Kp0dUnXBu3XaVphm2O2bQq.0;server=akswtt10000000b;cloudType=Consumer;environment=Prod_westus2_prod-s01-035-nam-westus2;migrationStage=NotStarted}
{"logTime": "0808/035358", "correlationVector":"zX84qw/BXoB/OmdYJGiO9T","action":"Normal GetUpdate request", "result":"", "context":cV=zX84qw/BXoB/OmdYJGiO9T
Notified types: Passwords}
{"logTime": "0808/035358", "correlationVector":"zX84qw/BXoB/OmdYJGiO9T.1","action":"SyncServerConnectionManagerRequest", "result":"SYNC_SERVER_OK", "context":{"environment":"Prod_westus2_prod-s01-035-nam-westus2", "migrationStage":"NotStarted", "server":"akswtt10000001f"}}
{"logTime": "0808/035358", "correlationVector":"zX84qw/BXoB/OmdYJGiO9T.2","action":"ProcessGetUpdates", "result":"Done", "context":{"dataType":"Passwords", "deleted":"0", "process_failed_to_decrypt":"0", "process_pending_decryption":"0", "process_success":"23", "total":"23"}}
{"logTime": "0808/035358", "correlationVector":"zX84qw/BXoB/OmdYJGiO9T.3","action":"GetUpdates Response", "result":"Success", "context":Received 23 update(s). cV=zX84qw/BXoB/OmdYJGiO9T.0;server=akswtt10000001f;cloudType=Consumer;environment=Prod_westus2_prod-s01-035-nam-westus2;migrationStage=NotStarted}
{"logTime": "0808/035521", "correlationVector":"bTwAhtwYJsDNgNx/tcjKQV","action":"Normal GetUpdate request", "result":"", "context":cV=bTwAhtwYJsDNgNx/tcjKQV
Notified types: History}
{"logTime": "0808/035521", "correlationVector":"bTwAhtwYJsDNgNx/tcjKQV.1","action":"SyncServerConnectionManagerRequest", "result":"SYNC_SERVER_OK", "context":{"environment":"Prod_westus2_prod-s01-035-nam-westus2", "migrationStage":"NotStarted", "server":"akswtt10000001f"}}
{"logTime": "0808/035521", "correlationVector":"bTwAhtwYJsDNgNx/tcjKQV.2","action":"ProcessGetUpdates", "result":"Done", "context":{"dataType":"Sessions", "deleted":"1", "process_failed_to_decrypt":"0", "process_pending_decryption":"0", "process_success":"3", "total":"3"}}
{"logTime": "0808/035521", "correlationVector":"bTwAhtwYJsDNgNx/tcjKQV.3","action":"ProcessGetUpdates", "result":"Done", "context":{"dataType":"History", "deleted":"0", "process_failed_to_decrypt":"0", "process_pending_decryption":"0", "process_success":"1", "total":"1"}}
{"logTime": "0808/035521", "correlationVector":"bTwAhtwYJsDNgNx/tcjKQV.4","action":"GetUpdates Response", "result":"Success", "context":Received 4 update(s). cV=bTwAhtwYJsDNgNx/tcjKQV.0;server=akswtt10000001f;cloudType=Consumer;environment=Prod_westus2_prod-s01-035-nam-westus2;migrationStage=NotStarted}
{"logTime": "0808/035624", "correlationVector":"GS/7dzzZZ0GkMl3vRaML59","action":"Normal GetUpdate request", "result":"", "context":cV=GS/7dzzZZ0GkMl3vRaML59
Notified types: History}
{"logTime": "0808/035624", "correlationVector":"GS/7dzzZZ0GkMl3vRaML59.1","action":"SyncServerConnectionManagerRequest", "result":"SYNC_SERVER_OK", "context":{"environment":"Prod_westus2_prod-s01-035-nam-westus2", "migrationStage":"NotStarted", "server":"akswtt100000006"}}
{"logTime": "0808/035624", "correlationVector":"GS/7dzzZZ0GkMl3vRaML59.2","action":"ProcessGetUpdates", "result":"Done", "context":{"dataType":"Preferences", "deleted":"0", "process_failed_to_decrypt":"0", "process_pending_decryption":"0", "process_success":"1", "total":"1"}}
{"logTime": "0808/035624", "correlationVector":"GS/7dzzZZ0GkMl3vRaML59.3","action":"ProcessGetUpdates", "result":"Done", "context":{"dataType":"Passwords", "deleted":"0", "process_failed_to_decrypt":"0", "process_pending_decryption":"0", "process_success":"1", "total":"1"}}
{"logTime": "0808/035624", "correlationVector":"GS/7dzzZZ0GkMl3vRaML59.4","action":"ProcessGetUpdates", "result":"Done", "context":{"dataType":"Sessions", "deleted":"0", "process_failed_to_decrypt":"0", "process_pending_decryption":"0", "process_success":"1", "total":"1"}}
{"logTime": "0808/035624", "correlationVector":"GS/7dzzZZ0GkMl3vRaML59.5","action":"ProcessGetUpdates", "result":"Done", "context":{"dataType":"History", "deleted":"0", "process_failed_to_decrypt":"0", "process_pending_decryption":"0", "process_success":"1", "total":"1"}}
{"logTime": "0808/035624", "correlationVector":"GS/7dzzZZ0GkMl3vRaML59.6","action":"GetUpdates Response", "result":"Success", "context":Received 4 update(s). cV=GS/7dzzZZ0GkMl3vRaML59.0;server=akswtt100000006;cloudType=Consumer;environment=Prod_westus2_prod-s01-035-nam-westus2;migrationStage=NotStarted}
{"logTime": "0808/035923", "correlationVector":"9/CILKTaH5aO6i18afzvFT","action":"Normal GetUpdate request", "result":"", "context":cV=9/CILKTaH5aO6i18afzvFT
Notified types: Device Info, History}
{"logTime": "0808/035923", "correlationVector":"9/CILKTaH5aO6i18afzvFT.1","action":"SyncServerConnectionManagerRequest", "result":"SYNC_SERVER_OK", "context":{"environment":"Prod_westus2_prod-s01-035-nam-westus2", "migrationStage":"NotStarted", "server":"akswtt10000000e"}}
{"logTime": "0808/035923", "correlationVector":"9/CILKTaH5aO6i18afzvFT.2","action":"ProcessGetUpdates", "result":"Done", "context":{"dataType":"Preferences", "deleted":"0", "process_failed_to_decrypt":"0", "process_pending_decryption":"0", "process_success":"1", "total":"1"}}
{"logTime": "0808/035923", "correlationVector":"9/CILKTaH5aO6i18afzvFT.3","action":"ProcessGetUpdates", "result":"Done", "context":{"dataType":"Passwords", "deleted":"0", "process_failed_to_decrypt":"0", "process_pending_decryption":"0", "process_success":"1", "total":"1"}}
{"logTime": "0808/035923", "correlationVector":"9/CILKTaH5aO6i18afzvFT.4","action":"ProcessGetUpdates", "result":"Done", "context":{"dataType":"Sessions", "deleted":"0", "process_failed_to_decrypt":"0", "process_pending_decryption":"0", "process_success":"2", "total":"2"}}
{"logTime": "0808/035923", "correlationVector":"9/CILKTaH5aO6i18afzvFT.5","action":"ProcessGetUpdates", "result":"Done", "context":{"dataType":"Device Info", "deleted":"0", "process_failed_to_decrypt":"0", "process_pending_decryption":"0", "process_success":"1", "total":"1"}}
{"logTime": "0808/035923", "correlationVector":"9/CILKTaH5aO6i18afzvFT.6","action":"ProcessGetUpdates", "result":"Done", "context":{"dataType":"History", "deleted":"0", "process_failed_to_decrypt":"0", "process_pending_decryption":"0", "process_success":"1", "total":"1"}}
{"logTime": "0808/035923", "correlationVector":"9/CILKTaH5aO6i18afzvFT.7","action":"GetUpdates Response", "result":"Success", "context":Received 6 update(s). cV=9/CILKTaH5aO6i18afzvFT.0;server=akswtt10000000e;cloudType=Consumer;environment=Prod_westus2_prod-s01-035-nam-westus2;migrationStage=NotStarted}
{"logTime": "0808/035927", "correlationVector":"hVzV9Y+LID7mc9xzc9x8GN","action":"Normal GetUpdate request", "result":"", "context":cV=hVzV9Y+LID7mc9xzc9x8GN
Notified types: Edge Hub App Usage}
{"logTime": "0808/035927", "correlationVector":"hVzV9Y+LID7mc9xzc9x8GN.1","action":"SyncServerConnectionManagerRequest", "result":"SYNC_SERVER_OK", "context":{"environment":"Prod_westus2_prod-s01-035-nam-westus2", "migrationStage":"NotStarted", "server":"akswtt10000000g"}}
{"logTime": "0808/035927", "correlationVector":"hVzV9Y+LID7mc9xzc9x8GN.2","action":"ProcessGetUpdates", "result":"Done", "context":{"dataType":"Edge Hub App Usage", "deleted":"0", "process_failed_to_decrypt":"0", "process_pending_decryption":"0", "process_success":"1", "total":"1"}}
{"logTime": "0808/035927", "correlationVector":"hVzV9Y+LID7mc9xzc9x8GN.3","action":"GetUpdates Response", "result":"Success", "context":Received 1 update(s). cV=hVzV9Y+LID7mc9xzc9x8GN.0;server=akswtt10000000g;cloudType=Consumer;environment=Prod_westus2_prod-s01-035-nam-westus2;migrationStage=NotStarted}
{"logTime": "0808/040018", "correlationVector":"3N2F1vH5d8437q/bKW0LQZ","action":"Normal GetUpdate request", "result":"", "context":cV=3N2F1vH5d8437q/bKW0LQZ
Notified types: Passwords}
{"logTime": "0808/040018", "correlationVector":"3N2F1vH5d8437q/bKW0LQZ.1","action":"SyncServerConnectionManagerRequest", "result":"SYNC_SERVER_OK", "context":{"environment":"Prod_westus2_prod-s01-035-nam-westus2", "migrationStage":"NotStarted", "server":"akswtt10000000b"}}
{"logTime": "0808/040018", "correlationVector":"3N2F1vH5d8437q/bKW0LQZ.2","action":"ProcessGetUpdates", "result":"Done", "context":{"dataType":"Passwords", "deleted":"0", "process_failed_to_decrypt":"0", "process_pending_decryption":"0", "process_success":"23", "total":"23"}}
{"logTime": "0808/040018", "correlationVector":"3N2F1vH5d8437q/bKW0LQZ.3","action":"GetUpdates Response", "result":"Success", "context":Received 23 update(s). cV=3N2F1vH5d8437q/bKW0LQZ.0;server=akswtt10000000b;cloudType=Consumer;environment=Prod_westus2_prod-s01-035-nam-westus2;migrationStage=NotStarted}
{"logTime": "0808/040039", "correlationVector":"0cw+I5dnNgY0RH4ZE/QdBf","action":"Commit Request", "result":"", "context":Item count: 2
Contributing types: Sessions, User Consents}
{"logTime": "0808/040039", "correlationVector":"0cw+I5dnNgY0RH4ZE/QdBf.1","action":"SyncServerConnectionManagerRequest", "result":"SYNC_SERVER_OK", "context":{"environment":"Prod_westus2_prod-s01-035-nam-westus2", "migrationStage":"NotStarted", "server":"akswtt100000013"}}
{"logTime": "0808/040039", "correlationVector":"0cw+I5dnNgY0RH4ZE/QdBf.2","action":"Commit Response", "result":"Success", "context":Result: Success. cV=0cw+I5dnNgY0RH4ZE/QdBf.0;server=akswtt100000013;cloudType=Consumer;environment=Prod_westus2_prod-s01-035-nam-westus2;migrationStage=NotStarted}
